2024-09-20 20:01:18 INFO: Getting/parsing git commits: cron-utils
2024-09-22 18:20:35 INFO: Getting/parsing git commits: cron-utils
2024-09-22 18:22:55 INFO: Getting/parsing git commits: cron-utils
2024-09-22 18:25:15 INFO: Getting/parsing git commits: cron-utils
2024-09-22 18:25:50 INFO: Getting/parsing git commits: cron-utils
2024-09-22 18:25:51 INFO: Done getting/parsing git commits.
2024-09-22 18:25:51 INFO: Getting/parsing git commits: cactoos
2024-09-22 18:25:52 INFO: Done getting/parsing git commits.
2024-09-22 18:25:52 INFO: Getting/parsing git commits: fastjson
2024-09-22 18:26:07 INFO: Getting/parsing git commits: cron-utils
2024-09-22 18:26:08 INFO: Done getting/parsing git commits.
2024-09-22 18:28:54 INFO: Getting/parsing git commits: cron-utils
2024-09-22 18:29:47 INFO: Done getting/parsing git commits.
2024-09-22 18:35:19 INFO: Getting/parsing git commits: cron-utils
2024-09-22 18:35:23 INFO: Done getting/parsing git commits.
2024-09-22 18:35:45 INFO: Getting/parsing git commits: cron-utils
2024-09-22 18:35:47 INFO: Done getting/parsing git commits.
2024-09-22 18:40:07 INFO: Getting/parsing git commits: cron-utils
2024-09-22 18:40:09 INFO: Done getting/parsing git commits.
2024-09-22 18:44:23 INFO: Getting/parsing git commits: cron-utils
2024-09-22 18:44:26 INFO: Done getting/parsing git commits.
2024-09-22 18:46:46 INFO: Getting/parsing git commits: cron-utils
2024-09-22 18:51:03 INFO: Getting/parsing git commits: cron-utils
2024-09-22 18:51:48 INFO: Getting/parsing git commits: cron-utils
2024-09-22 18:52:11 INFO: Done getting/parsing git commits.
2024-09-22 18:56:15 INFO: Getting/parsing git commits: cron-utils
2024-09-22 18:57:26 INFO: Getting/parsing git commits: cron-utils
2024-09-22 19:00:43 INFO: Getting/parsing git commits: cron-utils
2024-09-22 19:02:37 INFO: Getting/parsing git commits: cron-utils
2024-09-22 19:02:47 INFO: Done getting/parsing git commits.
2024-09-22 19:06:49 INFO: Getting/parsing git commits: cron-utils
2024-09-22 19:06:52 INFO: Done getting/parsing git commits.
2024-09-22 19:09:05 INFO: Getting/parsing git commits: cactoos
2024-09-22 19:09:09 INFO: Done getting/parsing git commits.
2024-09-22 19:09:15 INFO: Getting/parsing git commits: fastjson
2024-09-22 19:09:26 INFO: Done getting/parsing git commits.
2024-09-22 19:09:26 INFO: Getting/parsing git commits: java-util
2024-09-22 19:09:28 INFO: Done getting/parsing git commits.
2024-09-22 19:09:28 INFO: Getting/parsing git commits: closure-templates
2024-09-22 19:09:41 INFO: Done getting/parsing git commits.
2024-09-22 19:09:42 INFO: Getting/parsing git commits: zip4j
2024-09-22 19:09:42 INFO: Done getting/parsing git commits.
2024-09-22 19:09:42 INFO: Getting/parsing git commits: commons-compress
2024-09-22 19:09:46 INFO: Done getting/parsing git commits.
2024-09-22 19:09:47 INFO: Getting/parsing git commits: assertj-core
2024-09-22 19:09:58 INFO: Done getting/parsing git commits.
2024-09-22 19:09:58 INFO: Getting/parsing git commits: crawler-commons
2024-09-22 19:09:59 INFO: Done getting/parsing git commits.
2024-09-22 19:09:59 INFO: Getting/parsing git commits: rtree
2024-09-22 19:10:00 INFO: Done getting/parsing git commits.
2024-09-22 19:10:00 INFO: Getting/parsing git commits: vertx-codegen
2024-09-22 19:10:01 INFO: Done getting/parsing git commits.
2024-09-22 19:10:01 INFO: Getting/parsing git commits: spoon
2024-09-22 19:10:18 INFO: Getting/parsing git commits: cron-utils
2024-09-22 19:10:18 INFO: Done getting/parsing git commits.
2024-09-22 19:10:18 INFO: Getting/parsing git commits: cactoos
2024-09-22 19:10:19 INFO: Done getting/parsing git commits.
2024-09-22 19:10:19 INFO: Getting/parsing git commits: fastjson
2024-09-22 19:10:26 INFO: Done getting/parsing git commits.
2024-09-22 19:10:26 INFO: Getting/parsing git commits: java-util
2024-09-22 19:10:28 INFO: Done getting/parsing git commits.
2024-09-22 19:10:28 INFO: Getting/parsing git commits: closure-templates
2024-09-22 19:10:42 INFO: Done getting/parsing git commits.
2024-09-22 19:10:42 INFO: Getting/parsing git commits: zip4j
2024-09-22 19:10:42 INFO: Done getting/parsing git commits.
2024-09-22 19:10:42 INFO: Getting/parsing git commits: commons-compress
2024-09-22 19:10:46 INFO: Done getting/parsing git commits.
2024-09-22 19:10:47 INFO: Getting/parsing git commits: assertj-core
2024-09-22 19:10:58 INFO: Done getting/parsing git commits.
2024-09-22 19:10:58 INFO: Getting/parsing git commits: crawler-commons
2024-09-22 19:10:58 INFO: Done getting/parsing git commits.
2024-09-22 19:10:59 INFO: Getting/parsing git commits: rtree
2024-09-22 19:10:59 INFO: Done getting/parsing git commits.
2024-09-22 19:10:59 INFO: Getting/parsing git commits: vertx-codegen
2024-09-22 19:11:00 INFO: Done getting/parsing git commits.
2024-09-22 19:11:00 INFO: Getting/parsing git commits: spoon
2024-09-22 19:11:04 INFO: Done getting/parsing git commits.
2024-09-22 19:11:04 INFO: Getting/parsing git commits: HikariCP
2024-09-22 19:11:06 INFO: Done getting/parsing git commits.
2024-09-22 19:11:06 INFO: Getting/parsing git commits: vectorz
2024-09-22 19:11:12 INFO: Done getting/parsing git commits.
2024-09-22 19:11:12 INFO: Getting/parsing git commits: gauge-java
2024-09-22 19:11:13 INFO: Done getting/parsing git commits.
2024-09-22 19:11:13 INFO: Getting/parsing git commits: rxjava-jdbc
2024-09-22 19:11:14 INFO: Done getting/parsing git commits.
2024-09-22 19:11:14 INFO: Getting/parsing git commits: streamex
2024-09-22 19:11:16 INFO: Done getting/parsing git commits.
2024-09-22 19:11:16 INFO: Getting/parsing git commits: jsoup
2024-09-22 19:11:18 INFO: Done getting/parsing git commits.
2024-09-22 19:11:18 INFO: Getting/parsing git commits: github-api
2024-09-22 19:11:28 INFO: Done getting/parsing git commits.
2024-09-22 19:11:28 INFO: Getting/parsing git commits: commons-jexl
2024-09-22 19:11:32 INFO: Done getting/parsing git commits.
2024-09-22 19:11:32 INFO: Getting/parsing git commits: univocity-parsers
2024-09-22 19:11:33 INFO: Done getting/parsing git commits.
2024-09-22 19:11:33 INFO: Getting/parsing git commits: equalsverifier
2024-09-22 19:11:36 INFO: Done getting/parsing git commits.
2024-09-22 19:11:36 INFO: Getting/parsing git commits: stringtemplate4
2024-09-22 19:11:37 INFO: Done getting/parsing git commits.
2024-09-22 19:11:37 INFO: Getting/parsing git commits: partyline
2024-09-22 19:11:37 INFO: Done getting/parsing git commits.
2024-09-22 19:11:37 INFO: Getting/parsing git commits: encog-java-core
2024-09-22 19:11:42 INFO: Done getting/parsing git commits.
2024-09-22 19:11:42 INFO: Getting/parsing git commits: cucumber-reporting
2024-09-22 19:11:43 INFO: Done getting/parsing git commits.
2024-09-22 19:11:43 INFO: Getting/parsing git commits: dbtools-query
2024-09-22 19:11:43 INFO: Done getting/parsing git commits.
2024-09-22 19:11:43 INFO: Getting/parsing git commits: reflectasm
2024-09-22 19:11:44 INFO: Done getting/parsing git commits.
2024-09-22 19:11:44 INFO: Getting/parsing git commits: gridss
2024-09-22 19:11:47 INFO: Done getting/parsing git commits.
2024-09-22 19:11:47 INFO: Getting/parsing git commits: takes
2024-09-22 19:11:53 INFO: Done getting/parsing git commits.
2024-09-22 19:11:54 INFO: Getting/parsing git commits: commons-beanutils
2024-09-22 19:11:56 INFO: Done getting/parsing git commits.
2024-09-22 19:11:56 INFO: Getting/parsing git commits: classgraph
2024-09-22 19:12:04 INFO: Done getting/parsing git commits.
2024-09-22 19:12:04 INFO: Getting/parsing git commits: neo4j-nlp
2024-09-22 19:12:05 INFO: Done getting/parsing git commits.
2024-09-22 19:12:05 INFO: Getting/parsing git commits: config-magic
2024-09-22 19:12:05 INFO: Done getting/parsing git commits.
2024-09-22 19:12:05 INFO: Getting/parsing git commits: jongo
2024-09-22 19:12:06 INFO: Done getting/parsing git commits.
2024-09-22 19:12:06 INFO: Getting/parsing git commits: java-tool
2024-09-22 19:12:08 INFO: Done getting/parsing git commits.
2024-09-22 19:12:08 INFO: Getting/parsing git commits: spring-hateoas
2024-09-22 19:12:11 INFO: Done getting/parsing git commits.
2024-09-22 19:12:11 INFO: Getting/parsing git commits: gitlab4j-api
2024-09-22 19:12:14 INFO: Done getting/parsing git commits.
2024-09-22 19:12:14 INFO: Getting/parsing git commits: HtmlCleaner
2024-09-22 19:12:14 INFO: Done getting/parsing git commits.
2024-09-22 19:12:14 INFO: Getting/parsing git commits: druid
2024-09-22 19:12:27 INFO: Done getting/parsing git commits.
2024-09-22 19:12:27 INFO: Getting/parsing git commits: gson
2024-09-22 19:12:32 INFO: Done getting/parsing git commits.
2024-09-22 19:12:32 INFO: Getting/parsing git commits: docker-maven-plugin
2024-09-22 19:12:37 INFO: Done getting/parsing git commits.
2024-09-22 19:12:37 INFO: Getting/parsing git commits: eo-yaml
2024-09-22 19:12:38 INFO: Done getting/parsing git commits.
2024-09-22 19:12:38 INFO: Getting/parsing git commits: JSCover
2024-09-22 19:12:41 INFO: Done getting/parsing git commits.
2024-09-22 19:12:41 INFO: Getting/parsing git commits: jcommons-lang
2024-09-22 19:12:42 INFO: Done getting/parsing git commits.
2024-09-22 19:12:42 INFO: Getting/parsing git commits: scijava-common
2024-09-22 19:12:46 INFO: Done getting/parsing git commits.
2024-09-22 19:12:46 INFO: Getting/parsing git commits: Tupl
2024-09-22 19:13:09 INFO: Done getting/parsing git commits.
2024-09-22 19:13:09 INFO: Getting/parsing git commits: garbagecat
2024-09-22 19:13:10 INFO: Done getting/parsing git commits.
2024-09-22 19:13:10 INFO: Getting/parsing git commits: gwt-crypto
2024-09-22 19:13:10 INFO: Done getting/parsing git commits.
2024-09-22 19:13:10 INFO: Getting/parsing git commits: stream-lib
2024-09-22 19:13:10 INFO: Done getting/parsing git commits.
2024-09-22 19:13:11 INFO: Getting/parsing git commits: javaewah
2024-09-22 19:13:12 INFO: Done getting/parsing git commits.
2024-09-22 19:13:12 INFO: Getting/parsing git commits: aliyun-oss-java-sdk
2024-09-22 19:13:13 INFO: Done getting/parsing git commits.
2024-09-22 19:13:13 INFO: Getting/parsing git commits: top-push
2024-09-22 19:13:13 INFO: Done getting/parsing git commits.
2024-09-22 19:13:13 INFO: Getting/parsing git commits: futoshiki
2024-09-22 19:13:13 INFO: Done getting/parsing git commits.
2024-09-22 19:13:13 INFO: Getting/parsing git commits: mybatis-3
2024-09-22 19:13:58 INFO: Done getting/parsing git commits.
2024-09-22 19:13:58 INFO: Getting/parsing git commits: SmartApplianceEnabler
2024-09-22 19:14:04 INFO: Done getting/parsing git commits.
2024-09-22 19:14:04 INFO: Getting/parsing git commits: fabric-sdk-java
2024-09-22 19:14:05 INFO: Done getting/parsing git commits.
2024-09-22 19:14:06 INFO: Getting/parsing git commits: jesque
2024-09-22 19:14:06 INFO: Done getting/parsing git commits.
2024-09-22 19:14:06 INFO: Getting/parsing git commits: vertx-mqtt
2024-09-22 19:14:08 INFO: Done getting/parsing git commits.
2024-09-22 19:14:08 INFO: Getting/parsing git commits: GCViewer
2024-09-22 19:14:09 INFO: Done getting/parsing git commits.
2024-09-22 19:14:09 INFO: Getting/parsing git commits: exp4j
2024-09-22 19:14:10 INFO: Done getting/parsing git commits.
2024-09-22 19:14:10 INFO: Getting/parsing git commits: ews-java-api
2024-09-22 19:14:11 INFO: Done getting/parsing git commits.
2024-09-22 19:14:12 INFO: Getting/parsing git commits: async-http-client
2024-09-22 19:14:23 INFO: Done getting/parsing git commits.
2024-09-22 19:14:23 INFO: Getting/parsing git commits: netty-socketio
2024-09-22 19:14:24 INFO: Done getting/parsing git commits.
2024-09-22 19:14:24 INFO: Getting/parsing git commits: logstash-logback-encoder
2024-09-22 19:14:26 INFO: Done getting/parsing git commits.
2024-09-22 19:14:26 INFO: Getting/parsing git commits: app-maven-plugin
2024-09-22 19:14:27 INFO: Done getting/parsing git commits.
2024-09-22 19:14:27 INFO: Getting/parsing git commits: jade4j
2024-09-22 19:14:28 INFO: Done getting/parsing git commits.
2024-09-22 19:14:28 INFO: Getting/parsing git commits: java-faker
2024-09-22 19:14:29 INFO: Done getting/parsing git commits.
2024-09-22 19:14:29 INFO: Getting/parsing git commits: CFLint
2024-09-22 19:14:31 INFO: Done getting/parsing git commits.
2024-09-22 19:14:31 INFO: Getting/parsing git commits: riak-java-client
2024-09-22 19:14:37 INFO: Done getting/parsing git commits.
2024-09-22 19:14:37 INFO: Getting/parsing git commits: LogicNG
2024-09-22 19:14:39 INFO: Done getting/parsing git commits.
2024-09-22 19:14:39 INFO: Getting/parsing git commits: java-xmlbuilder
2024-09-22 19:14:39 INFO: Done getting/parsing git commits.
2024-09-22 19:14:39 INFO: Getting/parsing git commits: jettison
2024-09-22 19:14:39 INFO: Done getting/parsing git commits.
2024-09-22 19:14:40 INFO: Getting/parsing git commits: jcifs
2024-09-22 19:14:41 INFO: Done getting/parsing git commits.
2024-09-22 19:14:41 INFO: Getting/parsing git commits: influxdb-java
2024-09-22 19:14:42 INFO: Done getting/parsing git commits.
2024-09-22 19:14:42 INFO: Getting/parsing git commits: Tracy
2024-09-22 19:14:43 INFO: Done getting/parsing git commits.
2024-09-22 19:14:43 INFO: Getting/parsing git commits: jedis
2024-09-22 19:14:50 INFO: Done getting/parsing git commits.
2024-09-22 19:14:50 INFO: Getting/parsing git commits: javassist
2024-09-22 19:14:52 INFO: Done getting/parsing git commits.
2024-09-22 19:14:52 INFO: Getting/parsing git commits: dlnatoad
2024-09-22 19:14:53 INFO: Done getting/parsing git commits.
2024-09-22 19:14:54 INFO: Getting/parsing git commits: consul-client
2024-09-22 19:14:54 INFO: Done getting/parsing git commits.
2024-09-22 19:14:54 INFO: Getting/parsing git commits: blade
2024-09-22 19:14:55 INFO: Done getting/parsing git commits.
2024-09-22 19:14:56 INFO: Getting/parsing git commits: javadbf
2024-09-22 19:14:56 INFO: Done getting/parsing git commits.
2024-09-22 19:14:56 INFO: Getting/parsing git commits: ice4j
2024-09-22 19:14:58 INFO: Done getting/parsing git commits.
2024-09-22 19:14:58 INFO: Getting/parsing git commits: memoryfilesystem
2024-09-22 19:15:00 INFO: Done getting/parsing git commits.
2024-09-22 19:27:27 INFO: Getting/parsing git commits: cron-utils
2024-09-22 19:27:28 INFO: Done getting/parsing git commits.
2024-09-22 19:27:28 INFO: Getting/parsing git commits: cactoos
2024-09-22 19:27:29 INFO: Done getting/parsing git commits.
2024-09-22 19:27:29 INFO: Getting/parsing git commits: fastjson
2024-09-22 19:27:45 INFO: Getting/parsing git commits: cron-utils
2024-09-22 19:27:46 INFO: Done getting/parsing git commits.
2024-09-22 19:27:46 INFO: Getting/parsing git commits: cactoos
2024-09-22 19:27:47 INFO: Done getting/parsing git commits.
2024-09-22 19:27:47 INFO: Getting/parsing git commits: fastjson
2024-09-22 19:27:53 INFO: Done getting/parsing git commits.
2024-09-22 19:27:54 INFO: Getting/parsing git commits: java-util
2024-09-22 19:27:55 INFO: Done getting/parsing git commits.
2024-09-22 19:27:55 INFO: Getting/parsing git commits: closure-templates
2024-09-22 19:28:09 INFO: Done getting/parsing git commits.
2024-09-22 19:28:09 INFO: Getting/parsing git commits: zip4j
2024-09-22 19:28:09 INFO: Done getting/parsing git commits.
2024-09-22 19:28:09 INFO: Getting/parsing git commits: commons-compress
2024-09-22 19:28:14 INFO: Done getting/parsing git commits.
2024-09-22 19:28:14 INFO: Getting/parsing git commits: assertj-core
2024-09-22 19:28:26 INFO: Done getting/parsing git commits.
2024-09-22 19:28:26 INFO: Getting/parsing git commits: crawler-commons
2024-09-22 19:28:26 INFO: Done getting/parsing git commits.
2024-09-22 19:28:26 INFO: Getting/parsing git commits: rtree
2024-09-22 19:28:27 INFO: Done getting/parsing git commits.
2024-09-22 19:28:27 INFO: Getting/parsing git commits: vertx-codegen
2024-09-22 19:28:28 INFO: Done getting/parsing git commits.
2024-09-22 19:28:28 INFO: Getting/parsing git commits: spoon
2024-09-22 19:28:32 INFO: Done getting/parsing git commits.
2024-09-22 19:28:32 INFO: Getting/parsing git commits: HikariCP
2024-09-22 19:28:34 INFO: Done getting/parsing git commits.
2024-09-22 19:28:34 INFO: Getting/parsing git commits: vectorz
2024-09-22 19:28:40 INFO: Done getting/parsing git commits.
2024-09-22 19:28:40 INFO: Getting/parsing git commits: gauge-java
2024-09-22 19:28:41 INFO: Done getting/parsing git commits.
2024-09-22 19:28:41 INFO: Getting/parsing git commits: rxjava-jdbc
2024-09-22 19:28:42 INFO: Done getting/parsing git commits.
2024-09-22 19:28:42 INFO: Getting/parsing git commits: streamex
2024-09-22 19:28:43 INFO: Done getting/parsing git commits.
2024-09-22 19:28:43 INFO: Getting/parsing git commits: jsoup
2024-09-22 19:28:45 INFO: Done getting/parsing git commits.
2024-09-22 19:28:45 INFO: Getting/parsing git commits: github-api
2024-09-22 19:28:55 INFO: Done getting/parsing git commits.
2024-09-22 19:28:56 INFO: Getting/parsing git commits: commons-jexl
2024-09-22 19:28:59 INFO: Done getting/parsing git commits.
2024-09-22 19:28:59 INFO: Getting/parsing git commits: univocity-parsers
2024-09-22 19:29:00 INFO: Done getting/parsing git commits.
2024-09-22 19:29:00 INFO: Getting/parsing git commits: equalsverifier
2024-09-22 19:29:03 INFO: Done getting/parsing git commits.
2024-09-22 19:29:03 INFO: Getting/parsing git commits: stringtemplate4
2024-09-22 19:29:04 INFO: Done getting/parsing git commits.
2024-09-22 19:29:04 INFO: Getting/parsing git commits: partyline
2024-09-22 19:29:04 INFO: Done getting/parsing git commits.
2024-09-22 19:29:04 INFO: Getting/parsing git commits: encog-java-core
2024-09-22 19:29:09 INFO: Done getting/parsing git commits.
2024-09-22 19:29:09 INFO: Getting/parsing git commits: cucumber-reporting
2024-09-22 19:29:10 INFO: Done getting/parsing git commits.
2024-09-22 19:29:10 INFO: Getting/parsing git commits: dbtools-query
2024-09-22 19:29:10 INFO: Done getting/parsing git commits.
2024-09-22 19:29:10 INFO: Getting/parsing git commits: reflectasm
2024-09-22 19:29:11 INFO: Done getting/parsing git commits.
2024-09-22 19:29:11 INFO: Getting/parsing git commits: gridss
2024-09-22 19:29:14 INFO: Done getting/parsing git commits.
2024-09-22 19:29:14 INFO: Getting/parsing git commits: takes
2024-09-22 19:29:20 INFO: Done getting/parsing git commits.
2024-09-22 19:29:20 INFO: Getting/parsing git commits: commons-beanutils
2024-09-22 19:29:23 INFO: Done getting/parsing git commits.
2024-09-22 19:29:23 INFO: Getting/parsing git commits: classgraph
2024-09-22 19:29:31 INFO: Done getting/parsing git commits.
2024-09-22 19:29:31 INFO: Getting/parsing git commits: neo4j-nlp
2024-09-22 19:29:31 INFO: Done getting/parsing git commits.
2024-09-22 19:29:31 INFO: Getting/parsing git commits: config-magic
2024-09-22 19:29:32 INFO: Done getting/parsing git commits.
2024-09-22 19:29:32 INFO: Getting/parsing git commits: jongo
2024-09-22 19:29:33 INFO: Done getting/parsing git commits.
2024-09-22 19:29:33 INFO: Getting/parsing git commits: java-tool
2024-09-22 19:29:34 INFO: Done getting/parsing git commits.
2024-09-22 19:29:34 INFO: Getting/parsing git commits: spring-hateoas
2024-09-22 19:29:38 INFO: Done getting/parsing git commits.
2024-09-22 19:29:38 INFO: Getting/parsing git commits: gitlab4j-api
2024-09-22 19:29:40 INFO: Done getting/parsing git commits.
2024-09-22 19:29:40 INFO: Getting/parsing git commits: HtmlCleaner
2024-09-22 19:29:41 INFO: Done getting/parsing git commits.
2024-09-22 19:29:41 INFO: Getting/parsing git commits: druid
2024-09-22 19:29:53 INFO: Done getting/parsing git commits.
2024-09-22 19:29:53 INFO: Getting/parsing git commits: gson
2024-09-22 19:29:58 INFO: Done getting/parsing git commits.
2024-09-22 19:29:58 INFO: Getting/parsing git commits: docker-maven-plugin
2024-09-22 19:30:03 INFO: Done getting/parsing git commits.
2024-09-22 19:30:03 INFO: Getting/parsing git commits: eo-yaml
2024-09-22 19:30:04 INFO: Done getting/parsing git commits.
2024-09-22 19:30:04 INFO: Getting/parsing git commits: JSCover
2024-09-22 19:30:07 INFO: Done getting/parsing git commits.
2024-09-22 19:30:07 INFO: Getting/parsing git commits: jcommons-lang
2024-09-22 19:30:07 INFO: Done getting/parsing git commits.
2024-09-22 19:30:08 INFO: Getting/parsing git commits: scijava-common
2024-09-22 19:30:11 INFO: Done getting/parsing git commits.
2024-09-22 19:30:11 INFO: Getting/parsing git commits: Tupl
2024-09-22 19:30:34 INFO: Done getting/parsing git commits.
2024-09-22 19:30:34 INFO: Getting/parsing git commits: garbagecat
2024-09-22 19:30:35 INFO: Done getting/parsing git commits.
2024-09-22 19:30:35 INFO: Getting/parsing git commits: gwt-crypto
2024-09-22 19:30:35 INFO: Done getting/parsing git commits.
2024-09-22 19:30:35 INFO: Getting/parsing git commits: stream-lib
2024-09-22 19:30:35 INFO: Done getting/parsing git commits.
2024-09-22 19:30:35 INFO: Getting/parsing git commits: javaewah
2024-09-22 19:30:36 INFO: Done getting/parsing git commits.
2024-09-22 19:30:37 INFO: Getting/parsing git commits: aliyun-oss-java-sdk
2024-09-22 19:30:37 INFO: Done getting/parsing git commits.
2024-09-22 19:30:38 INFO: Getting/parsing git commits: top-push
2024-09-22 19:30:38 INFO: Done getting/parsing git commits.
2024-09-22 19:30:38 INFO: Getting/parsing git commits: futoshiki
2024-09-22 19:30:38 INFO: Done getting/parsing git commits.
2024-09-22 19:30:38 INFO: Getting/parsing git commits: mybatis-3
2024-09-22 19:31:22 INFO: Done getting/parsing git commits.
2024-09-22 19:31:22 INFO: Getting/parsing git commits: SmartApplianceEnabler
2024-09-22 19:31:28 INFO: Done getting/parsing git commits.
2024-09-22 19:31:28 INFO: Getting/parsing git commits: fabric-sdk-java
2024-09-22 19:31:29 INFO: Done getting/parsing git commits.
2024-09-22 19:31:29 INFO: Getting/parsing git commits: jesque
2024-09-22 19:31:30 INFO: Done getting/parsing git commits.
2024-09-22 19:31:30 INFO: Getting/parsing git commits: vertx-mqtt
2024-09-22 19:31:31 INFO: Done getting/parsing git commits.
2024-09-22 19:31:31 INFO: Getting/parsing git commits: GCViewer
2024-09-22 19:31:33 INFO: Done getting/parsing git commits.
2024-09-22 19:31:33 INFO: Getting/parsing git commits: exp4j
2024-09-22 19:31:34 INFO: Done getting/parsing git commits.
2024-09-22 19:31:34 INFO: Getting/parsing git commits: ews-java-api
2024-09-22 19:31:35 INFO: Done getting/parsing git commits.
2024-09-22 19:31:35 INFO: Getting/parsing git commits: async-http-client
2024-09-22 19:31:46 INFO: Done getting/parsing git commits.
2024-09-22 19:31:47 INFO: Getting/parsing git commits: netty-socketio
2024-09-22 19:31:48 INFO: Done getting/parsing git commits.
2024-09-22 19:31:48 INFO: Getting/parsing git commits: logstash-logback-encoder
2024-09-22 19:31:50 INFO: Done getting/parsing git commits.
2024-09-22 19:31:50 INFO: Getting/parsing git commits: app-maven-plugin
2024-09-22 19:31:50 INFO: Done getting/parsing git commits.
2024-09-22 19:31:50 INFO: Getting/parsing git commits: jade4j
2024-09-22 19:31:51 INFO: Done getting/parsing git commits.
2024-09-22 19:31:51 INFO: Getting/parsing git commits: java-faker
2024-09-22 19:31:52 INFO: Done getting/parsing git commits.
2024-09-22 19:31:52 INFO: Getting/parsing git commits: CFLint
2024-09-22 19:31:55 INFO: Done getting/parsing git commits.
2024-09-22 19:31:55 INFO: Getting/parsing git commits: riak-java-client
2024-09-22 19:32:00 INFO: Done getting/parsing git commits.
2024-09-22 19:32:00 INFO: Getting/parsing git commits: LogicNG
2024-09-22 19:32:02 INFO: Done getting/parsing git commits.
2024-09-22 19:32:02 INFO: Getting/parsing git commits: java-xmlbuilder
2024-09-22 19:32:03 INFO: Done getting/parsing git commits.
2024-09-22 19:32:03 INFO: Getting/parsing git commits: jettison
2024-09-22 19:32:03 INFO: Done getting/parsing git commits.
2024-09-22 19:32:03 INFO: Getting/parsing git commits: jcifs
2024-09-22 19:32:04 INFO: Done getting/parsing git commits.
2024-09-22 19:32:04 INFO: Getting/parsing git commits: influxdb-java
2024-09-22 19:32:06 INFO: Done getting/parsing git commits.
2024-09-22 19:32:06 INFO: Getting/parsing git commits: Tracy
2024-09-22 19:32:06 INFO: Done getting/parsing git commits.
2024-09-22 19:32:06 INFO: Getting/parsing git commits: jedis
2024-09-22 19:32:13 INFO: Done getting/parsing git commits.
2024-09-22 19:32:13 INFO: Getting/parsing git commits: javassist
2024-09-22 19:32:15 INFO: Done getting/parsing git commits.
2024-09-22 19:32:15 INFO: Getting/parsing git commits: dlnatoad
2024-09-22 19:32:17 INFO: Done getting/parsing git commits.
2024-09-22 19:32:17 INFO: Getting/parsing git commits: consul-client
2024-09-22 19:32:17 INFO: Done getting/parsing git commits.
2024-09-22 19:32:18 INFO: Getting/parsing git commits: blade
2024-09-22 19:32:19 INFO: Done getting/parsing git commits.
2024-09-22 19:32:19 INFO: Getting/parsing git commits: javadbf
2024-09-22 19:32:20 INFO: Done getting/parsing git commits.
2024-09-22 19:32:20 INFO: Getting/parsing git commits: ice4j
2024-09-22 19:32:21 INFO: Done getting/parsing git commits.
2024-09-22 19:32:21 INFO: Getting/parsing git commits: memoryfilesystem
2024-09-22 19:32:23 INFO: Done getting/parsing git commits.
