2024-09-03 15:48:56 INFO: Getting/parsing git commits: alibaba\fastjson
2024-09-03 15:49:42 INFO: Getting/parsing git commits: alibaba\fastjson
2024-09-03 15:50:55 INFO: Getting/parsing git commits: alibaba\fastjson
2024-09-03 15:54:23 INFO: Getting/parsing git commits: alibaba\fastjson
2024-09-03 15:55:55 INFO: Getting/parsing git commits: alibaba\fastjson
2024-09-03 15:57:59 INFO: Getting/parsing git commits: alibaba\fastjson
2024-09-03 15:59:11 INFO: Getting/parsing git commits: alibaba\fastjson
2024-09-03 16:02:05 INFO: Getting/parsing git commits: fastjson
2024-09-03 16:04:23 INFO: Done getting/parsing git commits.
2024-09-03 16:11:50 INFO: Getting/parsing git commits: fastjson
2024-09-03 16:11:55 INFO: Done getting/parsing git commits.
2024-09-03 16:12:27 INFO: Getting/parsing git commits: fastjson
2024-09-03 16:12:36 INFO: Done getting/parsing git commits.
2024-09-03 16:13:34 INFO: Getting/parsing git commits: fastjson
2024-09-03 16:13:43 INFO: Done getting/parsing git commits.
2024-09-03 16:15:35 INFO: Getting/parsing git commits: fastjson
2024-09-03 16:15:44 INFO: Done getting/parsing git commits.
2024-09-03 16:16:41 INFO: Getting/parsing git commits: fastjson
2024-09-03 16:16:50 INFO: Done getting/parsing git commits.
2024-09-03 16:18:20 INFO: Getting/parsing git commits: fastjson
2024-09-03 16:18:29 INFO: Done getting/parsing git commits.
2024-09-03 16:31:50 INFO: Getting/parsing git commits: fastjson
2024-09-03 16:32:03 INFO: Done getting/parsing git commits.
2024-09-03 16:35:19 INFO: Getting/parsing git commits: fastjson
2024-09-03 16:35:28 INFO: Done getting/parsing git commits.
2024-09-03 16:38:41 INFO: Getting/parsing git commits: fastjson
2024-09-03 16:38:50 INFO: Done getting/parsing git commits.
2024-09-03 16:55:24 INFO: Getting/parsing git commits: fastjson
2024-09-03 16:55:30 INFO: Done getting/parsing git commits.
2024-09-03 20:20:23 INFO: Getting/parsing git commits: alibaba_fastjson
2024-09-03 20:21:38 INFO: Getting/parsing git commits: fastjson
2024-09-03 20:21:43 INFO: Done getting/parsing git commits.
2024-09-14 14:33:09 INFO: Getting/parsing git commits: cron-utils
2024-09-14 14:33:09 INFO: Done getting/parsing git commits.
2024-09-14 14:33:09 INFO: Getting/parsing git commits: cactoos
2024-09-14 14:33:10 INFO: Done getting/parsing git commits.
2024-09-14 14:33:10 INFO: Getting/parsing git commits: fastjson
2024-09-14 14:33:14 INFO: Done getting/parsing git commits.
2024-09-14 14:33:14 INFO: Getting/parsing git commits: java-util
2024-09-14 14:33:15 INFO: Done getting/parsing git commits.
2024-09-14 14:33:15 INFO: Getting/parsing git commits: closure-templates
2024-09-14 14:33:26 INFO: Done getting/parsing git commits.
2024-09-14 14:33:26 INFO: Getting/parsing git commits: zip4j
2024-09-14 14:33:27 INFO: Done getting/parsing git commits.
2024-09-14 14:33:27 INFO: Getting/parsing git commits: commons-compress
2024-09-14 14:33:30 INFO: Done getting/parsing git commits.
2024-09-14 14:33:30 INFO: Getting/parsing git commits: assertj-core
2024-09-14 14:33:38 INFO: Done getting/parsing git commits.
2024-09-14 14:33:38 INFO: Getting/parsing git commits: crawler-commons
2024-09-14 14:33:38 INFO: Done getting/parsing git commits.
2024-09-14 14:33:38 INFO: Getting/parsing git commits: rtree
2024-09-14 14:33:38 INFO: Done getting/parsing git commits.
2024-09-14 14:33:39 INFO: Getting/parsing git commits: vertx-codegen
2024-09-14 14:33:39 INFO: Done getting/parsing git commits.
2024-09-14 14:33:39 INFO: Getting/parsing git commits: spoon
2024-09-14 14:33:42 INFO: Done getting/parsing git commits.
2024-09-14 14:33:42 INFO: Getting/parsing git commits: HikariCP
2024-09-14 14:33:43 INFO: Done getting/parsing git commits.
2024-09-14 14:33:43 INFO: Getting/parsing git commits: vectorz
2024-09-14 14:33:46 INFO: Done getting/parsing git commits.
2024-09-14 14:33:46 INFO: Getting/parsing git commits: gauge-java
2024-09-14 14:33:47 INFO: Done getting/parsing git commits.
2024-09-14 14:33:47 INFO: Getting/parsing git commits: rxjava-jdbc
2024-09-14 14:33:47 INFO: Done getting/parsing git commits.
2024-09-14 14:33:47 INFO: Getting/parsing git commits: streamex
2024-09-14 14:33:48 INFO: Done getting/parsing git commits.
2024-09-14 14:33:48 INFO: Getting/parsing git commits: jsoup
2024-09-14 14:33:50 INFO: Done getting/parsing git commits.
2024-09-14 14:33:50 INFO: Getting/parsing git commits: github-api
2024-09-14 14:33:57 INFO: Done getting/parsing git commits.
2024-09-14 14:33:57 INFO: Getting/parsing git commits: commons-jexl
2024-09-14 14:34:00 INFO: Done getting/parsing git commits.
2024-09-14 14:34:00 INFO: Getting/parsing git commits: univocity-parsers
2024-09-14 14:34:00 INFO: Done getting/parsing git commits.
2024-09-14 14:34:00 INFO: Getting/parsing git commits: equalsverifier
2024-09-14 14:34:02 INFO: Done getting/parsing git commits.
2024-09-14 14:34:02 INFO: Getting/parsing git commits: stringtemplate4
2024-09-14 14:34:02 INFO: Done getting/parsing git commits.
2024-09-14 14:34:02 INFO: Getting/parsing git commits: partyline
2024-09-14 14:34:02 INFO: Done getting/parsing git commits.
2024-09-14 14:34:02 INFO: Getting/parsing git commits: encog-java-core
2024-09-14 14:34:05 INFO: Done getting/parsing git commits.
2024-09-14 14:34:05 INFO: Getting/parsing git commits: cucumber-reporting
2024-09-14 14:34:06 INFO: Done getting/parsing git commits.
2024-09-14 14:34:06 INFO: Getting/parsing git commits: dbtools-query
2024-09-14 14:34:06 INFO: Done getting/parsing git commits.
2024-09-14 14:34:06 INFO: Getting/parsing git commits: reflectasm
2024-09-14 14:34:06 INFO: Done getting/parsing git commits.
2024-09-14 14:34:06 INFO: Getting/parsing git commits: gridss
2024-09-14 14:34:08 INFO: Done getting/parsing git commits.
2024-09-14 14:34:08 INFO: Getting/parsing git commits: takes
2024-09-14 14:34:13 INFO: Done getting/parsing git commits.
2024-09-14 14:34:13 INFO: Getting/parsing git commits: commons-beanutils
2024-09-14 14:34:14 INFO: Done getting/parsing git commits.
2024-09-14 14:34:14 INFO: Getting/parsing git commits: classgraph
2024-09-14 14:34:18 INFO: Done getting/parsing git commits.
2024-09-14 14:34:18 INFO: Getting/parsing git commits: neo4j-nlp
2024-09-14 14:34:18 INFO: Done getting/parsing git commits.
2024-09-14 14:34:18 INFO: Getting/parsing git commits: config-magic
2024-09-14 14:34:19 INFO: Done getting/parsing git commits.
2024-09-14 14:34:19 INFO: Getting/parsing git commits: jongo
2024-09-14 14:34:19 INFO: Done getting/parsing git commits.
2024-09-14 14:34:19 INFO: Getting/parsing git commits: java-tool
2024-09-14 14:34:20 INFO: Done getting/parsing git commits.
2024-09-14 14:34:20 INFO: Getting/parsing git commits: spring-hateoas
2024-09-14 14:34:22 INFO: Done getting/parsing git commits.
2024-09-14 14:34:22 INFO: Getting/parsing git commits: gitlab4j-api
2024-09-14 14:34:23 INFO: Done getting/parsing git commits.
2024-09-14 14:34:23 INFO: Getting/parsing git commits: HtmlCleaner
2024-09-14 14:34:23 INFO: Done getting/parsing git commits.
2024-09-14 14:34:23 INFO: Getting/parsing git commits: druid
2024-09-14 14:34:31 INFO: Done getting/parsing git commits.
2024-09-14 14:34:31 INFO: Getting/parsing git commits: gson
2024-09-14 14:34:34 INFO: Done getting/parsing git commits.
2024-09-14 14:34:34 INFO: Getting/parsing git commits: docker-maven-plugin
2024-09-14 14:34:37 INFO: Done getting/parsing git commits.
2024-09-14 14:34:37 INFO: Getting/parsing git commits: eo-yaml
2024-09-14 14:34:37 INFO: Done getting/parsing git commits.
2024-09-14 14:34:38 INFO: Getting/parsing git commits: JSCover
2024-09-14 14:34:39 INFO: Done getting/parsing git commits.
2024-09-14 14:34:39 INFO: Getting/parsing git commits: jcommons-lang
2024-09-14 14:34:40 INFO: Done getting/parsing git commits.
2024-09-14 14:34:40 INFO: Getting/parsing git commits: scijava-common
2024-09-14 14:34:41 INFO: Done getting/parsing git commits.
2024-09-14 14:34:41 INFO: Getting/parsing git commits: Tupl
2024-09-14 14:34:54 INFO: Done getting/parsing git commits.
2024-09-14 14:34:54 INFO: Getting/parsing git commits: garbagecat
2024-09-14 14:34:55 INFO: Done getting/parsing git commits.
2024-09-14 14:34:55 INFO: Getting/parsing git commits: gwt-crypto
2024-09-14 14:34:55 INFO: Done getting/parsing git commits.
2024-09-14 14:34:55 INFO: Getting/parsing git commits: stream-lib
2024-09-14 14:34:55 INFO: Done getting/parsing git commits.
2024-09-14 14:34:55 INFO: Getting/parsing git commits: javaewah
2024-09-14 14:34:56 INFO: Done getting/parsing git commits.
2024-09-14 14:34:56 INFO: Getting/parsing git commits: aliyun-oss-java-sdk
2024-09-14 14:34:56 INFO: Done getting/parsing git commits.
2024-09-14 14:34:56 INFO: Getting/parsing git commits: top-push
2024-09-14 14:34:56 INFO: Done getting/parsing git commits.
2024-09-14 14:34:57 INFO: Getting/parsing git commits: futoshiki
2024-09-14 14:34:57 INFO: Done getting/parsing git commits.
2024-09-14 14:34:57 INFO: Getting/parsing git commits: mybatis-3
2024-09-14 14:35:31 INFO: Done getting/parsing git commits.
2024-09-14 14:35:32 INFO: Getting/parsing git commits: SmartApplianceEnabler
2024-09-14 14:35:35 INFO: Done getting/parsing git commits.
2024-09-14 14:35:35 INFO: Getting/parsing git commits: fabric-sdk-java
2024-09-14 14:35:36 INFO: Done getting/parsing git commits.
2024-09-14 14:35:36 INFO: Getting/parsing git commits: jesque
2024-09-14 14:35:36 INFO: Done getting/parsing git commits.
2024-09-14 14:35:36 INFO: Getting/parsing git commits: vertx-mqtt
2024-09-14 14:35:37 INFO: Done getting/parsing git commits.
2024-09-14 14:35:37 INFO: Getting/parsing git commits: GCViewer
2024-09-14 14:35:37 INFO: Done getting/parsing git commits.
2024-09-14 14:35:37 INFO: Getting/parsing git commits: exp4j
2024-09-14 14:35:38 INFO: Done getting/parsing git commits.
2024-09-14 14:35:38 INFO: Getting/parsing git commits: ews-java-api
2024-09-14 14:35:39 INFO: Done getting/parsing git commits.
2024-09-14 14:35:39 INFO: Getting/parsing git commits: async-http-client
2024-09-14 14:35:44 INFO: Done getting/parsing git commits.
2024-09-14 14:35:44 INFO: Getting/parsing git commits: netty-socketio
2024-09-14 14:35:44 INFO: Done getting/parsing git commits.
2024-09-14 14:35:44 INFO: Getting/parsing git commits: logstash-logback-encoder
2024-09-14 14:35:45 INFO: Done getting/parsing git commits.
2024-09-14 14:35:45 INFO: Getting/parsing git commits: app-maven-plugin
2024-09-14 14:35:46 INFO: Done getting/parsing git commits.
2024-09-14 14:35:46 INFO: Getting/parsing git commits: jade4j
2024-09-14 14:35:46 INFO: Done getting/parsing git commits.
2024-09-14 14:35:46 INFO: Getting/parsing git commits: java-faker
2024-09-14 14:35:47 INFO: Done getting/parsing git commits.
2024-09-14 14:35:47 INFO: Getting/parsing git commits: CFLint
2024-09-14 14:35:48 INFO: Done getting/parsing git commits.
2024-09-14 14:35:48 INFO: Getting/parsing git commits: riak-java-client
2024-09-14 14:35:52 INFO: Done getting/parsing git commits.
2024-09-14 14:35:52 INFO: Getting/parsing git commits: LogicNG
2024-09-14 14:35:53 INFO: Done getting/parsing git commits.
2024-09-14 14:35:53 INFO: Getting/parsing git commits: java-xmlbuilder
2024-09-14 14:35:53 INFO: Done getting/parsing git commits.
2024-09-14 14:35:53 INFO: Getting/parsing git commits: jettison
2024-09-14 14:35:53 INFO: Done getting/parsing git commits.
2024-09-14 14:35:53 INFO: Getting/parsing git commits: jcifs
2024-09-14 14:35:54 INFO: Done getting/parsing git commits.
2024-09-14 14:35:54 INFO: Getting/parsing git commits: influxdb-java
2024-09-14 14:35:54 INFO: Done getting/parsing git commits.
2024-09-14 14:35:55 INFO: Getting/parsing git commits: Tracy
2024-09-14 14:35:55 INFO: Done getting/parsing git commits.
2024-09-14 14:35:55 INFO: Getting/parsing git commits: jedis
2024-09-14 14:35:58 INFO: Done getting/parsing git commits.
2024-09-14 14:35:58 INFO: Getting/parsing git commits: javassist
2024-09-14 14:36:00 INFO: Done getting/parsing git commits.
2024-09-14 14:36:00 INFO: Getting/parsing git commits: dlnatoad
2024-09-14 14:36:00 INFO: Done getting/parsing git commits.
2024-09-14 14:36:00 INFO: Getting/parsing git commits: consul-client
2024-09-14 14:36:01 INFO: Done getting/parsing git commits.
2024-09-14 14:36:01 INFO: Getting/parsing git commits: blade
2024-09-14 14:36:01 INFO: Done getting/parsing git commits.
2024-09-14 14:36:01 INFO: Getting/parsing git commits: javadbf
2024-09-14 14:36:02 INFO: Done getting/parsing git commits.
2024-09-14 14:36:02 INFO: Getting/parsing git commits: ice4j
2024-09-14 14:36:02 INFO: Done getting/parsing git commits.
2024-09-14 14:36:02 INFO: Getting/parsing git commits: memoryfilesystem
2024-09-14 14:36:03 INFO: Done getting/parsing git commits.
